<?xml version="1.0" encoding="UTF-8"?>
<testsuite xmlns:xsi="http://www.w3.org/2001/XMLSchema-instance" xsi:noNamespaceSchemaLocation="https://maven.apache.org/surefire/maven-surefire-plugin/xsd/surefire-test-report.xsd" version="3.0.2" name="org.example.mapper.OperationMapperTest" time="0.246" tests="2" errors="0" skipped="0" failures="0">
  <properties>
[...]
</properties>
  <testcase name="mapToDto_happy(Operation)[1]" classname="org.example.mapper.OperationMapperTest" time="0.109"/>
  <testcase name="mapToEntity_happy(Wallet, WalletOperationRequest, OperationStatus)[1]" classname="org.example.mapper.OperationMapperTest" time="0.026"/>
</testsuite>